[Mon May 28 2018 13:37:21 GMT+0530 (India Standard Time)] error : Error inside catch block :TypeError: connection.createConnection is not a function
[Tue May 29 2018 21:40:49 GMT+0530 (India Standard Time)] error : Error in postRequirements
[Tue May 29 2018 21:42:16 GMT+0530 (India Standard Time)] error : Error in postRequirements
[Tue May 29 2018 21:45:18 GMT+0530 (India Standard Time)] error : Error in postRequirements
[Tue May 29 2018 21:46:57 GMT+0530 (India Standard Time)] error : Error in postRequirements
[Tue May 29 2018 21:47:57 GMT+0530 (India Standard Time)] error : Error in postRequirements
[Tue May 29 2018 21:49:04 GMT+0530 (India Standard Time)] error : Error in postRequirements
[Tue May 29 2018 21:50:29 GMT+0530 (India Standard Time)] error : Error in postRequirements
[Tue May 29 2018 21:51:28 GMT+0530 (India Standard Time)] error : Error in postRequirements
[Tue May 29 2018 21:52:23 GMT+0530 (India Standard Time)] error : Error in postRequirements
[Tue May 29 2018 21:53:16 GMT+0530 (India Standard Time)] error : Error in postRequirements
[Tue May 29 2018 21:55:22 GMT+0530 (India Standard Time)] error : Error in postRequirements
[Tue May 29 2018 21:56:30 GMT+0530 (India Standard Time)] error : Error in postRequirements
[Tue May 29 2018 21:57:22 GMT+0530 (India Standard Time)] error : Error in postRequirements
[Tue May 29 2018 21:58:39 GMT+0530 (India Standard Time)] error : Error in postRequirements
[Tue May 29 2018 22:00:03 GMT+0530 (India Standard Time)] error : Error in postRequirements
[Tue May 29 2018 22:00:40 GMT+0530 (India Standard Time)] error : Error in postRequirements
[Tue May 29 2018 23:26:00 GMT+0530 (India Standard Time)] error : Error in postRequirements
[Tue May 29 2018 23:27:11 GMT+0530 (India Standard Time)] error : Error in postRequirements
[Thu May 31 2018 02:47:40 GMT+0530 (India Standard Time)] error : Error in adding user:
[Thu May 31 2018 02:49:09 GMT+0530 (India Standard Time)] error : Error in adding user:
[Thu May 31 2018 02:49:39 GMT+0530 (India Standard Time)] error : Error in adding user:
[Thu May 31 2018 02:51:56 GMT+0530 (India Standard Time)] error : Error in adding user:
[Fri Jun 01 2018 00:12:13 GMT+0530 (India Standard Time)] error : Error in getEmployeeInfo
[Fri Jun 01 2018 00:12:39 GMT+0530 (India Standard Time)] error : Error in getEmployeeInfo
[Fri Jun 01 2018 00:13:13 GMT+0530 (India Standard Time)] error : Error in getEmployeeInfo
[Fri Jun 01 2018 01:08:18 GMT+0530 (India Standard Time)] error : Error in adding user:
[Fri Jun 01 2018 01:23:20 GMT+0530 (India Standard Time)] error : Error in getEmployeeInfo
[Fri Jun 01 2018 01:23:29 GMT+0530 (India Standard Time)] error : Error in getEmployeeInfo
[Fri Jun 01 2018 01:23:39 GMT+0530 (India Standard Time)] error : Error in getEmployeeInfo
[Sat Jun 02 2018 15:15:14 GMT+0530 (India Standard Time)] error : Error in getUserInfo
[Sat Jun 02 2018 15:15:17 GMT+0530 (India Standard Time)] error : Error in getUserInfo
[Sat Jun 02 2018 19:14:04 GMT+0530 (India Standard Time)] error : Error in getCandidates
[Sat Jun 02 2018 19:14:31 GMT+0530 (India Standard Time)] error : Error in getCandidates
[Sat Jun 02 2018 19:24:37 GMT+0530 (India Standard Time)] error : Error in getCandidates
[Sat Jun 02 2018 19:25:43 GMT+0530 (India Standard Time)] error : Error in getCandidates
[Sat Jun 02 2018 19:25:56 GMT+0530 (India Standard Time)] error : Error in getCandidates
[Sat Jun 02 2018 19:28:59 GMT+0530 (India Standard Time)] error : Error in getCandidates
[Sat Jun 02 2018 19:31:51 GMT+0530 (India Standard Time)] error : Error in getCandidates
[Sat Jun 02 2018 19:36:04 GMT+0530 (India Standard Time)] error : Error in getCandidates
[Sat Jun 02 2018 19:37:47 GMT+0530 (India Standard Time)] error : Error in getCandidates
[Sat Jun 02 2018 19:38:57 GMT+0530 (India Standard Time)] error : Error in getCandidates
[Sat Jun 02 2018 19:40:20 GMT+0530 (India Standard Time)] error : Error in getCandidates
[Sat Jun 02 2018 19:41:04 GMT+0530 (India Standard Time)] error : Error in getCandidates
[Sat Jun 02 2018 19:42:12 GMT+0530 (India Standard Time)] error : Error in getCandidates
[Sat Jun 02 2018 19:42:32 GMT+0530 (India Standard Time)] error : Error in getCandidates
[Sat Jun 02 2018 19:47:58 GMT+0530 (India Standard Time)] error : Error in getCandidates
[Sat Jun 02 2018 19:48:33 GMT+0530 (India Standard Time)] error : Error in getCandidates
[Sat Jun 02 2018 19:48:58 GMT+0530 (India Standard Time)] error : Error in getCandidates
[Sat Jun 02 2018 19:55:21 GMT+0530 (India Standard Time)] error : Error in getCandidates
[Sat Jun 02 2018 19:55:33 GMT+0530 (India Standard Time)] error : Error in getCandidates
[Sat Jun 02 2018 19:57:34 GMT+0530 (India Standard Time)] error : Error in getCandidates
[Sat Jun 02 2018 20:01:09 GMT+0530 (India Standard Time)] error : Error in getCandidates
[Sat Jun 02 2018 20:03:37 GMT+0530 (India Standard Time)] error : Error in getEmployerInfo
[Sat Jun 02 2018 20:03:37 GMT+0530 (India Standard Time)] error : Error in getCandidates
[Sat Jun 02 2018 20:04:15 GMT+0530 (India Standard Time)] error : Error in getEmployerInfo
[Sat Jun 02 2018 20:04:16 GMT+0530 (India Standard Time)] error : Error in getCandidates
[Sat Jun 02 2018 20:04:36 GMT+0530 (India Standard Time)] error : Error in getEmployerInfo
[Sat Jun 02 2018 20:04:36 GMT+0530 (India Standard Time)] error : Error in getCandidates
[Sat Jun 02 2018 20:05:51 GMT+0530 (India Standard Time)] error : Error in getEmployerInfo
[Sat Jun 02 2018 20:05:51 GMT+0530 (India Standard Time)] error : Error in getCandidates
[Sat Jun 02 2018 20:07:15 GMT+0530 (India Standard Time)] error : Error in getEmployerInfo
[Sat Jun 02 2018 20:07:15 GMT+0530 (India Standard Time)] error : Error in getCandidates
[Sat Jun 02 2018 20:07:50 GMT+0530 (India Standard Time)] error : Error in getEmployerInfo
[Sat Jun 02 2018 20:07:50 GMT+0530 (India Standard Time)] error : Error in getCandidates
[Sat Jun 02 2018 20:08:23 GMT+0530 (India Standard Time)] error : Error in getEmployerInfo
[Sat Jun 02 2018 20:08:24 GMT+0530 (India Standard Time)] error : Error in getCandidates
[Sat Jun 02 2018 20:15:08 GMT+0530 (India Standard Time)] error : Error in getEmployerInfo
[Sat Jun 02 2018 20:15:08 GMT+0530 (India Standard Time)] error : Error in getCandidates
[Sat Jun 02 2018 21:17:33 GMT+0530 (India Standard Time)] error : Error in getEmployerInfo
[Sat Jun 02 2018 21:17:33 GMT+0530 (India Standard Time)] error : Error in getCandidates
[Sat Jun 02 2018 21:20:52 GMT+0530 (India Standard Time)] error : Error in getEmployerInfo
[Sat Jun 02 2018 21:20:52 GMT+0530 (India Standard Time)] error : Error in getCandidates
[Sat Jun 02 2018 21:21:37 GMT+0530 (India Standard Time)] error : Error in getEmployerInfo
[Sat Jun 02 2018 21:21:37 GMT+0530 (India Standard Time)] error : Error in getCandidates
[Sat Jun 02 2018 21:24:33 GMT+0530 (India Standard Time)] error : Error in getEmployerInfo
[Sat Jun 02 2018 21:24:33 GMT+0530 (India Standard Time)] error : Error in getCandidates
[Sat Jun 02 2018 21:25:57 GMT+0530 (India Standard Time)] error : Error in getEmployerInfo
[Sat Jun 02 2018 21:27:25 GMT+0530 (India Standard Time)] error : Error in getEmployerInfo
[Sat Jun 02 2018 21:29:34 GMT+0530 (India Standard Time)] error : Error in getEmployerInfo
[Sat Jun 02 2018 21:30:41 GMT+0530 (India Standard Time)] error : Error in getEmployerInfo
[Sat Jun 02 2018 21:32:18 GMT+0530 (India Standard Time)] error : Error in getEmployerInfo
[Sat Jun 02 2018 21:33:05 GMT+0530 (India Standard Time)] error : Error in getEmployerInfo
[Sat Jun 02 2018 21:34:15 GMT+0530 (India Standard Time)] error : Error in getEmployerInfo
[Sat Jun 02 2018 21:35:14 GMT+0530 (India Standard Time)] error : Error in getEmployerInfo
[Sat Jun 02 2018 21:35:48 GMT+0530 (India Standard Time)] error : Error in getEmployerInfo
[Sat Jun 02 2018 21:38:45 GMT+0530 (India Standard Time)] error : Error in getEmployerInfo
[Sat Jun 02 2018 21:40:47 GMT+0530 (India Standard Time)] error : Error in adding entry to EMPLOYERINFO table
[Sat Jun 02 2018 21:40:47 GMT+0530 (India Standard Time)] error : Error in getEmployerInfo
[Sat Jun 02 2018 21:50:38 GMT+0530 (India Standard Time)] error : Error in getEmployerInfo
[Sat Jun 02 2018 21:51:08 GMT+0530 (India Standard Time)] error : Error in getEmployerInfo
[Sat Jun 02 2018 21:55:24 GMT+0530 (India Standard Time)] error : Error in adding entry to EMPLOYERINFO table
[Sun Jun 03 2018 00:33:15 GMT+0530 (India Standard Time)] error : Error in adding entry to EMPLOYERINFO table
[Sun Jun 03 2018 00:40:43 GMT+0530 (India Standard Time)] error : Error in getCandidates
[Sun Jun 03 2018 00:43:11 GMT+0530 (India Standard Time)] error : Error in checkUser
[Sun Jun 03 2018 00:48:38 GMT+0530 (India Standard Time)] error : Error in getCandidates
[Sun Jun 03 2018 00:50:12 GMT+0530 (India Standard Time)] error : Error in getCandidates
[Sun Jun 03 2018 00:50:30 GMT+0530 (India Standard Time)] error : Error in getCandidates
[Sun Jun 03 2018 00:52:37 GMT+0530 (India Standard Time)] error : Error in getCandidates
[Sun Jun 03 2018 00:53:57 GMT+0530 (India Standard Time)] error : Error in getCandidates
[Sun Jun 03 2018 00:55:21 GMT+0530 (India Standard Time)] error : Error in getCandidates
[Sun Jun 03 2018 00:55:54 GMT+0530 (India Standard Time)] error : Error in getCandidates
[Sun Jun 03 2018 00:58:08 GMT+0530 (India Standard Time)] error : Error in getCandidates
[Sun Jun 03 2018 00:58:21 GMT+0530 (India Standard Time)] error : Error in getCandidates
[Sun Jun 03 2018 00:59:20 GMT+0530 (India Standard Time)] error : Error in getCandidates
[Sun Jun 03 2018 01:00:17 GMT+0530 (India Standard Time)] error : Error in getCandidates
[Sun Jun 03 2018 01:02:39 GMT+0530 (India Standard Time)] error : Error in getCandidates
[Sun Jun 03 2018 01:04:20 GMT+0530 (India Standard Time)] error : Error in getCandidates
[Sun Jun 03 2018 01:04:34 GMT+0530 (India Standard Time)] error : Error in getCandidates
[Sun Jun 03 2018 01:07:28 GMT+0530 (India Standard Time)] error : Error in getCandidates
[Sun Jun 03 2018 01:07:51 GMT+0530 (India Standard Time)] error : Error in getCandidates
[Sun Jun 03 2018 01:14:09 GMT+0530 (India Standard Time)] error : Error in getCandidates
[Sun Jun 03 2018 01:15:22 GMT+0530 (India Standard Time)] error : Error in getCandidates
[Sun Jun 03 2018 01:16:26 GMT+0530 (India Standard Time)] error : Error in getCandidates
[Sun Jun 03 2018 01:17:53 GMT+0530 (India Standard Time)] error : Error in getCandidates
[Sun Jun 03 2018 01:18:17 GMT+0530 (India Standard Time)] error : Error in getCandidates
[Sun Jun 03 2018 01:20:18 GMT+0530 (India Standard Time)] error : Error in getCandidates
[Sun Jun 03 2018 01:22:11 GMT+0530 (India Standard Time)] error : Error in getCandidates
[Sun Jun 03 2018 01:24:40 GMT+0530 (India Standard Time)] error : Error in getCandidates
[Sun Jun 03 2018 01:24:44 GMT+0530 (India Standard Time)] error : Error in getCandidates
[Sun Jun 03 2018 01:24:49 GMT+0530 (India Standard Time)] error : Error in getCandidates
[Sun Jun 03 2018 01:27:26 GMT+0530 (India Standard Time)] error : Error in getCandidates
[Sun Jun 03 2018 01:27:48 GMT+0530 (India Standard Time)] error : Error in getCandidates
[Sun Jun 03 2018 01:28:10 GMT+0530 (India Standard Time)] error : Error in getCandidates
[Sun Jun 03 2018 01:28:34 GMT+0530 (India Standard Time)] error : Error in getCandidates
[Sun Jun 03 2018 01:29:44 GMT+0530 (India Standard Time)] error : Error in getCandidates
[Sun Jun 03 2018 01:31:40 GMT+0530 (India Standard Time)] error : Error in getCandidates
[Sun Jun 03 2018 01:31:57 GMT+0530 (India Standard Time)] error : Error in getCandidates
[Sun Jun 03 2018 01:33:34 GMT+0530 (India Standard Time)] error : Error in getCandidates
[Sun Jun 03 2018 01:35:47 GMT+0530 (India Standard Time)] error : Error in getCandidates
[Sun Jun 03 2018 01:38:50 GMT+0530 (India Standard Time)] error : Error in getCandidates
[Sun Jun 03 2018 10:49:11 GMT+0530 (India Standard Time)] error : Error in getCandidates
[Sun Jun 03 2018 10:50:56 GMT+0530 (India Standard Time)] error : Error in getCandidates
[Sun Jun 03 2018 10:52:05 GMT+0530 (India Standard Time)] error : Error in getCandidates
[Sun Jun 03 2018 10:52:39 GMT+0530 (India Standard Time)] error : Error in getCandidates
[Sun Jun 03 2018 10:52:56 GMT+0530 (India Standard Time)] error : Error in getCandidates
[Sun Jun 03 2018 11:14:12 GMT+0530 (India Standard Time)] error : Error in getCandidates
[Sun Jun 03 2018 11:14:34 GMT+0530 (India Standard Time)] error : Error in getCandidates
[Mon Jun 04 2018 02:15:32 GMT+0530 (India Standard Time)] error : Error in setEmployeeInfo
[Mon Jun 04 2018 02:16:44 GMT+0530 (India Standard Time)] error : Error in setEmployeeInfo
[Tue Jun 05 2018 23:07:04 GMT+0530 (India Standard Time)] error : Error in postRequirements
[Wed Jun 06 2018 09:49:46 GMT+0530 (India Standard Time)] error : Error in getSuper-undefined
[Wed Jun 06 2018 09:50:33 GMT+0530 (India Standard Time)] error : Error in getSuper-undefined
[Wed Jun 06 2018 09:51:21 GMT+0530 (India Standard Time)] error : Error in getSuper-undefined
[Wed Jun 06 2018 09:52:40 GMT+0530 (India Standard Time)] error : Error in getSuper-undefined
[Wed Jun 06 2018 09:54:19 GMT+0530 (India Standard Time)] error : Error in getSuper-undefined
[Wed Jun 06 2018 09:55:15 GMT+0530 (India Standard Time)] error : Error in getSuper-undefined
[Wed Jun 06 2018 20:17:10 GMT+0530 (India Standard Time)] error : Error in getSuper-undefined
[Wed Jun 06 2018 20:19:31 GMT+0530 (India Standard Time)] error : Error in getSuper-undefined
[Wed Jun 06 2018 20:19:34 GMT+0530 (India Standard Time)] error : Error in getSuper-undefined
[Wed Jun 06 2018 20:20:09 GMT+0530 (India Standard Time)] error : Error in getSuper-undefined
[Wed Jun 06 2018 20:20:21 GMT+0530 (India Standard Time)] error : Error in getSuper-undefined
[Wed Jun 06 2018 20:23:10 GMT+0530 (India Standard Time)] error : Error in getSuper-undefined
[Wed Jun 06 2018 20:23:38 GMT+0530 (India Standard Time)] error : Error in getSuper-undefined
[Wed Jun 06 2018 20:26:58 GMT+0530 (India Standard Time)] error : Error in getSuper-undefined
